


ARM Macro Assembler    Page 1 


    1 00000000                 GET              main.s
    1 00000000                 GET              stm32_EQU.s
    1 00000000 20000000 
                       STACK   EQU              0x20000000
    2 00000000 00000500 
                       STACK_SIZE
                               EQU              0x500
    3 00000000 20000500 
                       STACK_TOP
                               EQU              STACK+STACK_SIZE
    4 00000000         
    5 00000000 00000000 
                       NULL    EQU              0x00
    6 00000000 00000001 
                       ONE     EQU              0x01
    7 00000000                 END
    2 00000000         
    3 00000000 0000000A 
                       MAX_SIZE
                               EQU              0xA
    4 00000000         
    5 00000000                 AREA             CONSTANT_FLASH, DATA, READONLY
    6 00000000         
    7 00000000 06 05 07 
              00 04 0F 
              09 00 07 
              01       mas     DCB              6, 5, 7, 0, 4, 15, 9, 0, 7, 1
    8 0000000A                 AREA             VERIABLE_RAM, DATA, READWRITE
    9 00000000         
   10 00000000 00 00 00 
              00 00 00 
              00 00 00 
              00 00 00 
              00 00 00 
              00 00 00 
              00 00 00 
              00 00 00 
              00 00 00 
              00 00 00 
              00 00 00 
              00 00 00 
              00 00 00 
              00 00 00 
              00 00 00 
              00 00 00 
              00 00 00 
              00 00 00 
              00 00 00 
              00 00 00 
              00 00 00 
              00       mas_out SPACE            0x40
   11 00000040         
   12 00000040                 AREA             MAIN, CODE, READONLY
   13 00000000                 THUMB
   14 00000000         
   15 00000000         main    PROC
   16 00000000         
   17 00000000 4812            LDR              R0, =mas    ;–∏—Å—Ö–æ–¥–Ω—ã–π –
                                                            º–∞—Å—Å–∏–≤ 



ARM Macro Assembler    Page 2 


   18 00000002 4913            LDR              R1, =mas_out ;–≤—ã—Ö–æ–¥–Ω–æ–π 
                                                            –º–∞—Å—Å–∏–≤ 
   19 00000004 F04F 0228       MOV              R2, #40     ;–¥–ª–∏–Ω–∞ –º–∞—Å—
                                                            Å–∏–≤–∞
   20 00000008 F04F 0300       MOV              R3, #0      ;—Å–º–µ—â–µ–Ω–∏–µ –
                                                            ∞–¥—Ä–µ—Å–∞ –º–∞—Å—
                                                            Å–∏–≤–∞ 
   21 0000000C 461D            MOV              R5, R3      ;—Ä–µ–≥–∏—Å—Ç—Ä –¥–
                                                            ª—è –≤—Ä–µ–º–µ–Ω–Ω–
                                                            æ–≥–æ —Ö—Ä–∞–Ω–µ–Ω–
                                                            ∏—è —ç–ª–µ–º–µ–Ω—Ç–
                                                            ∞ –º–∞—Å–∏–≤–∞
   22 0000000E         
   23 0000000E         ; –ö–û–ü–ò–†–û–í–ê–ù–ò–ï –í RAM –ò–°–•–û–î–ù–û–ì–û –ú–ê–
                       °–°–ò–í–ê                
   24 0000000E         COPY
   25 0000000E 58C4            LDR              R4, [R0, R3] ;—á—Ç–µ–Ω–∏–µ –≤ R
                                                            4 —Å –ø–∞—è—Ç–∏ –ø–
                                                            æ –∞–¥—Ä–µ—Å—É R0 +
                                                             R3
   26 00000010 50CC            STR              R4, [R1, R3] ;–∑–∞–ø–∏—Å—å R4 –
                                                            ≤ RAM –ø–æ –∞–¥—Ä–µ
                                                            —Å—É R1 + R3
   27 00000012 F103 0304       ADD              R3, #4      ;—Å–ª–æ–∂–µ–Ω–∏–µ R
                                                            3 = R3 + 4
   28 00000016 4293            CMP              R3, R2      ;—Å—Ä–∞–≤–Ω–µ–Ω–∏–µ
                                                             R3 –∏ R2  
   29 00000018 D000            BEQ              FOR         ;–µ—Å–ª–∏ R3 = R2, 
                                                            —Ç–æ –ø–µ—Ä–µ—Ö–æ–¥
                                                             –≤ FOR
   30 0000001A E7F8            B                COPY        ;–±–µ–∑—É—Å–ª–æ–≤–Ω
                                                            —ã–π –ø–µ—Ä–µ—Ö–æ–¥
                                                             –≤ COPY
   31 0000001C         
   32 0000001C         ; –°–†–ê–í–ù–ï–ù–ò–ï –≠–õ–ï–ú–ï–ù–¢–û–í –ú–ê–°–°–ò–í–ê
   33 0000001C         FOR
   34 0000001C F1A2 0204       SUB              R2, #4      ;–≤—ã—á–∏—Ç–∞–Ω–∏–µ
                                                             R2 = R2 - 4
   35 00000020 F04F 0300       MOV              R3, #0      ;–∫–æ–ø–∏—Ä–æ–≤–∞–Ω
                                                            –∏–µ –≤ R3 –Ω–æ–ª—å
                                                            
   36 00000024 B182            CBZ              R2, loop    ;–µ—Å–ª–∏ R2 = 0, —
                                                            Ç–æ –ø–µ—Ä–µ—Ö–æ–¥ 
                                                            –≤ loop
   37 00000026         
   38 00000026         COMP
   39 00000026 4293            CMP              R3, R2      ;—Å—Ä–∞–≤–Ω–µ–Ω–∏–µ
                                                             R3 –∏ R2
   40 00000028 D0F8            BEQ              FOR         ;–µ—Å–ª–∏ R3 = R2, 
                                                            —Ç–æ –ø–µ—Ä–µ—Ö–æ–¥
                                                             –≤ FOR
   41 0000002A 58C8            LDR              R0, [R1, R3] ;—á—Ç–µ–Ω–∏–µ –≤ R
                                                            0 —Å –ø–∞—è—Ç–∏ –ø–
                                                            æ –∞–¥—Ä–µ—Å—É R1 +
                                                             R3
   42 0000002C F103 0604       ADD              R6, R3, #4  ;—Å–ª–æ–∂–µ–Ω–∏–µ R
                                                            6 = R3 + 4
   43 00000030 598C            LDR              R4, [R1, R6] ;—á—Ç–µ–Ω–∏–µ –≤ R
                                                            4 —Å –ø–∞—è—Ç–∏ –ø–



ARM Macro Assembler    Page 3 


                                                            æ –∞–¥—Ä–µ—Å—É R1 +
                                                             R3 (—Å–ª–µ–¥—É—é—â
                                                            –∏–π —ç–ª–µ–º–µ–Ω—Ç
                                                             –º–∞—Å—Å–∏–≤–∞)
   44 00000032 42A0            CMP              R0, R4      ;—Å—Ä–∞–≤–Ω–µ–Ω–∏–µ
                                                             R0 –∏ R4
   45 00000034 DC02            BGT              REP         ;–µ—Å–ª–∏ R0 > R4, 
                                                            —Ç–æ –ø–µ—Ä–µ—Ö–æ–¥
                                                             –≤ REP
   46 00000036 F103 0304       ADD              R3, #4      ;—Å–ª–æ–∂–µ–Ω–∏–µ R
                                                            3 = R3 + 4
   47 0000003A E7F4            B                COMP        ;–±–µ–∑—É—Å–ª–æ–≤–Ω
                                                            —ã–π –ø–µ—Ä–µ—Ö–æ–¥
                                                             –≤ COMP
   48 0000003C         
   49 0000003C         ;–ú–ï–ù–Ø–ï–ú –ú–ï–°–¢–û–ú–ò –≠–õ–ï–ú–ï–ù–¢–´ –ú–ê–°–°–ò
                       –í–ê                
   50 0000003C         REP
   51 0000003C 4605            MOV              R5, R0      ;–∫–æ–ø–∏—Ä–æ–≤–∞–Ω
                                                            –∏–µ R0 –≤ R5
   52 0000003E 50CC            STR              R4, [R1, R3] ;–∑–∞–ø–∏—Å—å R4 –
                                                            ≤ –ø–∞–º—è—Ç—å –ø–æ
                                                             –∞–¥—Ä–µ—Å—É R1 + 
                                                            R3
   53 00000040 518D            STR              R5, [R1, R6] ;–∑–∞–ø–∏—Å—å R4 –
                                                            ≤ –ø–∞–º—è—Ç—å –ø–æ
                                                             –∞–¥—Ä–µ—Å—É R1 + 
                                                            R6
   54 00000042 F103 0304       ADD              R3, #4      ;—Å–ª–æ–∂–µ–Ω–∏–µ R
                                                            3 = R3 + 4
   55 00000046 E7EE            B                COMP        ;–±–µ–∑—É—Å–ª–æ–≤–Ω
                                                            —ã–π –ø–µ—Ä–µ—Ö–æ–¥
                                                             –≤ COMP           
                                                                 ;
   56 00000048         loop
   57 00000048         
   58 00000048 E7FE            B                loop
   59 0000004A         
   60 0000004A         ENDP
                       
    2 0000004A         
    3 0000004A         
    4 0000004A         
    5 0000004A                 PRESERVE8
    6 0000004A         
    7 0000004A                 THUMB
    8 0000004A         
    9 0000004A 00 00 00000000 
              00000000         AREA             RESET, CODE, READONLY
   10 00000000         
   11 00000000 20000500        DCD              STACK_TOP
   12 00000004 00000000        DCD              startup
   13 00000008         
   14 00000008                 ENTRY
   15 00000008         
   16 00000008         startup PROC
   17 00000008         
   18 00000008         
   19 00000008 F7FF BFFE       B                main



ARM Macro Assembler    Page 4 


   20 0000000C         
   21 0000000C                 ENDP
   22 0000000C                 END
Command Line: --debug --xref --diag_suppress=9931 --cpu=Cortex-M3 --apcs=interw
ork --depend=.\objects\startup.d -o.\objects\startup.o -I.\RTE\_Target_1 -IC:\K
eil_v5\ARM\PACK\Keil\STM32F1xx_DFP\2.3.0\Device\Include -IC:\Keil_v5\ARM\CMSIS\
Include --predefine="__EVAL SETA 1" --predefine="__UVISION_VERSION SETA 524" --
predefine="STM32F10X_MD SETA 1" --list=.\listings\startup.lst startup.s



ARM Macro Assembler    Page 1 Alphabetic symbol ordering
Relocatable symbols

CONSTANT_FLASH 00000000

Symbol: CONSTANT_FLASH
   Definitions
      At line 5 in file main.s
   Uses
      None
Comment: CONSTANT_FLASH unused
mas 00000000

Symbol: mas
   Definitions
      At line 7 in file main.s
   Uses
      At line 17 in file main.s
Comment: mas used once
2 symbols



ARM Macro Assembler    Page 1 Alphabetic symbol ordering
Relocatable symbols

VERIABLE_RAM 00000000

Symbol: VERIABLE_RAM
   Definitions
      At line 8 in file main.s
   Uses
      None
Comment: VERIABLE_RAM unused
mas_out 00000000

Symbol: mas_out
   Definitions
      At line 10 in file main.s
   Uses
      At line 18 in file main.s
Comment: mas_out used once
2 symbols



ARM Macro Assembler    Page 1 Alphabetic symbol ordering
Relocatable symbols

COMP 00000026

Symbol: COMP
   Definitions
      At line 38 in file main.s
   Uses
      At line 47 in file main.s
      At line 55 in file main.s

COPY 0000000E

Symbol: COPY
   Definitions
      At line 24 in file main.s
   Uses
      At line 30 in file main.s
Comment: COPY used once
ENDP 0000004A

Symbol: ENDP
   Definitions
      At line 60 in file main.s
   Uses
      None
Comment: ENDP unused
FOR 0000001C

Symbol: FOR
   Definitions
      At line 33 in file main.s
   Uses
      At line 29 in file main.s
      At line 40 in file main.s

MAIN 00000000

Symbol: MAIN
   Definitions
      At line 12 in file main.s
   Uses
      None
Comment: MAIN unused
REP 0000003C

Symbol: REP
   Definitions
      At line 50 in file main.s
   Uses
      At line 45 in file main.s
Comment: REP used once
loop 00000048

Symbol: loop
   Definitions
      At line 56 in file main.s
   Uses
      At line 36 in file main.s
      At line 58 in file main.s




ARM Macro Assembler    Page 2 Alphabetic symbol ordering
Relocatable symbols

main 00000000

Symbol: main
   Definitions
      At line 15 in file main.s
   Uses
      At line 19 in file startup.s
Comment: main used once
8 symbols



ARM Macro Assembler    Page 1 Alphabetic symbol ordering
Relocatable symbols

RESET 00000000

Symbol: RESET
   Definitions
      At line 9 in file startup.s
   Uses
      None
Comment: RESET unused
startup 00000008

Symbol: startup
   Definitions
      At line 16 in file startup.s
   Uses
      At line 12 in file startup.s
Comment: startup used once
2 symbols



ARM Macro Assembler    Page 1 Alphabetic symbol ordering
Absolute symbols

MAX_SIZE 0000000A

Symbol: MAX_SIZE
   Definitions
      At line 3 in file main.s
   Uses
      None
Comment: MAX_SIZE unused
NULL 00000000

Symbol: NULL
   Definitions
      At line 5 in file stm32_EQU.s
   Uses
      None
Comment: NULL unused
ONE 00000001

Symbol: ONE
   Definitions
      At line 6 in file stm32_EQU.s
   Uses
      None
Comment: ONE unused
STACK 20000000

Symbol: STACK
   Definitions
      At line 1 in file stm32_EQU.s
   Uses
      At line 3 in file stm32_EQU.s
Comment: STACK used once
STACK_SIZE 00000500

Symbol: STACK_SIZE
   Definitions
      At line 2 in file stm32_EQU.s
   Uses
      At line 3 in file stm32_EQU.s
Comment: STACK_SIZE used once
STACK_TOP 20000500

Symbol: STACK_TOP
   Definitions
      At line 3 in file stm32_EQU.s
   Uses
      At line 11 in file startup.s
Comment: STACK_TOP used once
6 symbols
355 symbols in table
